1582118508817	mozrunner::runner	INFO	Running command: "C:\\Program Files\\Mozilla Firefox\\firefox.exe" "-marionette" "-foreground" "-no-remote" "-profile" "C:\\Users\\PRASAD~1.KEL\\AppData\\Local\\Temp\\rust_mozprofilezfnC7e"
1582118513606	addons.webextension.doh-rollout@mozilla.org	WARN	Loading extension 'doh-rollout@mozilla.org': Reading manifest: Invalid extension permission: networkStatus
1582118515256	addons.webextension.screenshots@mozilla.org	WARN	Loading extension 'screenshots@mozilla.org': Reading manifest: Invalid extension permission: mozillaAddons
1582118515256	addons.webextension.screenshots@mozilla.org	WARN	Loading extension 'screenshots@mozilla.org': Reading manifest: Invalid extension permission: telemetry
1582118515257	addons.webextension.screenshots@mozilla.org	WARN	Loading extension 'screenshots@mozilla.org': Reading manifest: Invalid extension permission: resource://pdf.js/
1582118515257	addons.webextension.screenshots@mozilla.org	WARN	Loading extension 'screenshots@mozilla.org': Reading manifest: Invalid extension permission: about:reader*
JavaScript error: resource://gre/modules/XULStore.jsm, line 66: Error: Can't find profile directory.
1582118536984	Marionette	INFO	Listening on port 65185
1582118537298	Marionette	WARN	TLS certificate errors will be ignored for this session
1582118554487	Marionette	WARN	TimedPromise timed out after 500 ms: stacktrace:
TimedPromise/<@chrome://marionette/content/sync.js:244:13
TimedPromise@chrome://marionette/content/sync.js:229:10
interaction.flushEventLoop@chrome://marionette/content/interaction.js:416:10
webdriverClickElement@chrome://marionette/content/interaction.js:182:31
send@https://opensource-demo.orangehrmlive.com/webres_5df488ddad8b23.30204013/js/jquery/jquery-1.7.2.min.js:4:17879
ajax@https://opensource-demo.orangehrmlive.com/webres_5df488ddad8b23.30204013/js/jquery/jquery-1.7.2.min.js:4:15044
domManip/<@https://opensource-demo.orangehrmlive.com/webres_5df488ddad8b23.30204013/js/jquery/jquery-1.7.2.min.js:4:2470
each@https://opensource-demo.orangehrmlive.com/webres_5df488ddad8b23.30204013/js/jquery/jquery-1.7.2.min.js:2:11776
domManip@https://opensource-demo.orangehrmlive.com/webres_5df488ddad8b23.30204013/js/jquery/jquery-1.7.2.min.js:4:2441
append@https://opensource-demo.orangehrmlive.com/webres_5df488ddad8b23.30204013/js/jquery/jquery-1.7.2.min.js:3:32408
html/<@https://opensource-demo.orangehrmlive.com/webres_5df488ddad8b23.30204013/js/jquery/jquery-1.7.2.min.js:4:1283
access@https://opensource-demo.orangehrmlive.com/webres_5df488ddad8b23.30204013/js/jquery/jquery-1.7.2.min.js:2:13266
html@https://opensource-demo.orangehrmlive.com/webres_5df488ddad8b23.30204013/js/jquery/jquery-1.7.2.min.js:4:876
success@https://opensource-demo.orangehrmlive.com/index.php/dashboard:991:36
o@https://opensource-demo.orangehrmlive.com/webres_5df488ddad8b23.30204013/js/jquery/jquery-1.7.2.min.js:2:14733
fireWith@https://opensource-demo.orangehrmlive.com/webres_5df488ddad8b23.30204013/js/jquery/jquery-1.7.2.min.js:2:15502
w@https://opensource-demo.orangehrmlive.com/webres_5df488ddad8b23.30204013/js/jquery/jquery-1.7.2.min.js:4:12472
d@https://opensource-demo.orangehrmlive.com/webres_5df488ddad8b23.30204013/js/jquery/jquery-1.7.2.min.js:4:18318
1582118569810	Marionette	INFO	Stopped listening on port 65185

###!!! [Child][RunMessage] Error: Channel closing: too late to send/recv, messages will be lost


###!!! [Child][MessageChannel::SendAndWait] Error: Channel error: cannot send/recv

1582196975796	mozrunner::runner	INFO	Running command: "C:\\Program Files\\Mozilla Firefox\\firefox.exe" "-marionette" "-foreground" "-no-remote" "-profile" "C:\\Users\\PRASAD~1.KEL\\AppData\\Local\\Temp\\rust_mozprofileMV0nUc"
1582196980168	addons.webextension.doh-rollout@mozilla.org	WARN	Loading extension 'doh-rollout@mozilla.org': Reading manifest: Invalid extension permission: networkStatus
1582196981584	addons.webextension.screenshots@mozilla.org	WARN	Loading extension 'screenshots@mozilla.org': Reading manifest: Invalid extension permission: mozillaAddons
1582196981584	addons.webextension.screenshots@mozilla.org	WARN	Loading extension 'screenshots@mozilla.org': Reading manifest: Invalid extension permission: telemetry
1582196981584	addons.webextension.screenshots@mozilla.org	WARN	Loading extension 'screenshots@mozilla.org': Reading manifest: Invalid extension permission: resource://pdf.js/
1582196981584	addons.webextension.screenshots@mozilla.org	WARN	Loading extension 'screenshots@mozilla.org': Reading manifest: Invalid extension permission: about:reader*
JavaScript error: resource://gre/modules/XULStore.jsm, line 66: Error: Can't find profile directory.
1582196992699	Marionette	INFO	Listening on port 56457
1582196992810	Marionette	WARN	TLS certificate errors will be ignored for this session
1582197009679	Marionette	WARN	TimedPromise timed out after 500 ms: stacktrace:
TimedPromise/<@chrome://marionette/content/sync.js:244:13
TimedPromise@chrome://marionette/content/sync.js:229:10
interaction.flushEventLoop@chrome://marionette/content/interaction.js:416:10
webdriverClickElement@chrome://marionette/content/interaction.js:182:31
send@https://opensource-demo.orangehrmlive.com/webres_5df488ddad8b23.30204013/js/jquery/jquery-1.7.2.min.js:4:17879
ajax@https://opensource-demo.orangehrmlive.com/webres_5df488ddad8b23.30204013/js/jquery/jquery-1.7.2.min.js:4:15044
domManip/<@https://opensource-demo.orangehrmlive.com/webres_5df488ddad8b23.30204013/js/jquery/jquery-1.7.2.min.js:4:2470
each@https://opensource-demo.orangehrmlive.com/webres_5df488ddad8b23.30204013/js/jquery/jquery-1.7.2.min.js:2:11776
domManip@https://opensource-demo.orangehrmlive.com/webres_5df488ddad8b23.30204013/js/jquery/jquery-1.7.2.min.js:4:2441
append@https://opensource-demo.orangehrmlive.com/webres_5df488ddad8b23.30204013/js/jquery/jquery-1.7.2.min.js:3:32408
html/<@https://opensource-demo.orangehrmlive.com/webres_5df488ddad8b23.30204013/js/jquery/jquery-1.7.2.min.js:4:1283
access@https://opensource-demo.orangehrmlive.com/webres_5df488ddad8b23.30204013/js/jquery/jquery-1.7.2.min.js:2:13266
html@https://opensource-demo.orangehrmlive.com/webres_5df488ddad8b23.30204013/js/jquery/jquery-1.7.2.min.js:4:876
success@https://opensource-demo.orangehrmlive.com/index.php/dashboard:991:36
o@https://opensource-demo.orangehrmlive.com/webres_5df488ddad8b23.30204013/js/jquery/jquery-1.7.2.min.js:2:14733
fireWith@https://opensource-demo.orangehrmlive.com/webres_5df488ddad8b23.30204013/js/jquery/jquery-1.7.2.min.js:2:15502
w@https://opensource-demo.orangehrmlive.com/webres_5df488ddad8b23.30204013/js/jquery/jquery-1.7.2.min.js:4:12472
d@https://opensource-demo.orangehrmlive.com/webres_5df488ddad8b23.30204013/js/jquery/jquery-1.7.2.min.js:4:18318
1582197025098	Marionette	INFO	Stopped listening on port 56457

###!!! [Child][RunMessage] Error: Channel closing: too late to send/recv, messages will be lost


###!!! [Child][MessageChannel::SendAndWait] Error: Channel error: cannot send/recv

1582197135165	mozrunner::runner	INFO	Running command: "C:\\Program Files\\Mozilla Firefox\\firefox.exe" "-marionette" "-foreground" "-no-remote" "-profile" "C:\\Users\\PRASAD~1.KEL\\AppData\\Local\\Temp\\rust_mozprofileD8JkwE"
1582197136299	addons.webextension.doh-rollout@mozilla.org	WARN	Loading extension 'doh-rollout@mozilla.org': Reading manifest: Invalid extension permission: networkStatus
1582197137417	addons.webextension.screenshots@mozilla.org	WARN	Loading extension 'screenshots@mozilla.org': Reading manifest: Invalid extension permission: mozillaAddons
1582197137418	addons.webextension.screenshots@mozilla.org	WARN	Loading extension 'screenshots@mozilla.org': Reading manifest: Invalid extension permission: telemetry
1582197137418	addons.webextension.screenshots@mozilla.org	WARN	Loading extension 'screenshots@mozilla.org': Reading manifest: Invalid extension permission: resource://pdf.js/
1582197137418	addons.webextension.screenshots@mozilla.org	WARN	Loading extension 'screenshots@mozilla.org': Reading manifest: Invalid extension permission: about:reader*
JavaScript error: resource://gre/modules/XULStore.jsm, line 66: Error: Can't find profile directory.
1582197140891	Marionette	INFO	Listening on port 56543
1582197140922	Marionette	WARN	TLS certificate errors will be ignored for this session
1582197151077	Marionette	WARN	TimedPromise timed out after 500 ms: stacktrace:
TimedPromise/<@chrome://marionette/content/sync.js:244:13
TimedPromise@chrome://marionette/content/sync.js:229:10
interaction.flushEventLoop@chrome://marionette/content/interaction.js:416:10
webdriverClickElement@chrome://marionette/content/interaction.js:182:31
send@https://opensource-demo.orangehrmlive.com/webres_5df488ddad8b23.30204013/js/jquery/jquery-1.7.2.min.js:4:17879
ajax@https://opensource-demo.orangehrmlive.com/webres_5df488ddad8b23.30204013/js/jquery/jquery-1.7.2.min.js:4:15044
domManip/<@https://opensource-demo.orangehrmlive.com/webres_5df488ddad8b23.30204013/js/jquery/jquery-1.7.2.min.js:4:2470
each@https://opensource-demo.orangehrmlive.com/webres_5df488ddad8b23.30204013/js/jquery/jquery-1.7.2.min.js:2:11776
domManip@https://opensource-demo.orangehrmlive.com/webres_5df488ddad8b23.30204013/js/jquery/jquery-1.7.2.min.js:4:2441
append@https://opensource-demo.orangehrmlive.com/webres_5df488ddad8b23.30204013/js/jquery/jquery-1.7.2.min.js:3:32408
html/<@https://opensource-demo.orangehrmlive.com/webres_5df488ddad8b23.30204013/js/jquery/jquery-1.7.2.min.js:4:1283
access@https://opensource-demo.orangehrmlive.com/webres_5df488ddad8b23.30204013/js/jquery/jquery-1.7.2.min.js:2:13266
html@https://opensource-demo.orangehrmlive.com/webres_5df488ddad8b23.30204013/js/jquery/jquery-1.7.2.min.js:4:876
success@https://opensource-demo.orangehrmlive.com/index.php/dashboard:998:36
o@https://opensource-demo.orangehrmlive.com/webres_5df488ddad8b23.30204013/js/jquery/jquery-1.7.2.min.js:2:14733
fireWith@https://opensource-demo.orangehrmlive.com/webres_5df488ddad8b23.30204013/js/jquery/jquery-1.7.2.min.js:2:15502
w@https://opensource-demo.orangehrmlive.com/webres_5df488ddad8b23.30204013/js/jquery/jquery-1.7.2.min.js:4:12472
d@https://opensource-demo.orangehrmlive.com/webres_5df488ddad8b23.30204013/js/jquery/jquery-1.7.2.min.js:4:18318
1582197166393	Marionette	INFO	Stopped listening on port 56543

###!!! [Child][RunMessage] Error: Channel closing: too late to send/recv, messages will be lost


###!!! [Child][MessageChannel::SendAndWait] Error: Channel error: cannot send/recv

1582197289013	mozrunner::runner	INFO	Running command: "C:\\Program Files\\Mozilla Firefox\\firefox.exe" "-marionette" "-foreground" "-no-remote" "-profile" "C:\\Users\\PRASAD~1.KEL\\AppData\\Local\\Temp\\rust_mozprofileWGrrbA"
1582197290322	addons.webextension.doh-rollout@mozilla.org	WARN	Loading extension 'doh-rollout@mozilla.org': Reading manifest: Invalid extension permission: networkStatus
1582197291662	addons.webextension.screenshots@mozilla.org	WARN	Loading extension 'screenshots@mozilla.org': Reading manifest: Invalid extension permission: mozillaAddons
1582197291662	addons.webextension.screenshots@mozilla.org	WARN	Loading extension 'screenshots@mozilla.org': Reading manifest: Invalid extension permission: telemetry
1582197291663	addons.webextension.screenshots@mozilla.org	WARN	Loading extension 'screenshots@mozilla.org': Reading manifest: Invalid extension permission: resource://pdf.js/
1582197291663	addons.webextension.screenshots@mozilla.org	WARN	Loading extension 'screenshots@mozilla.org': Reading manifest: Invalid extension permission: about:reader*
JavaScript error: resource://gre/modules/XULStore.jsm, line 66: Error: Can't find profile directory.
1582197295072	Marionette	INFO	Listening on port 56605
1582197295306	Marionette	WARN	TLS certificate errors will be ignored for this session
1582197320765	Marionette	INFO	Stopped listening on port 56605

###!!! [Child][RunMessage] Error: Channel closing: too late to send/recv, messages will be lost


###!!! [Child][MessageChannel::SendAndWait] Error: Channel error: cannot send/recv

1582291006290	mozrunner::runner	INFO	Running command: "C:\\Program Files\\Mozilla Firefox\\firefox.exe" "-marionette" "-foreground" "-no-remote" "-profile" "C:\\Users\\PRASAD~1.KEL\\AppData\\Local\\Temp\\rust_mozprofile1GU1Y4"
1582291010963	addons.webextension.doh-rollout@mozilla.org	WARN	Loading extension 'doh-rollout@mozilla.org': Reading manifest: Invalid extension permission: networkStatus
1582291012450	addons.webextension.screenshots@mozilla.org	WARN	Loading extension 'screenshots@mozilla.org': Reading manifest: Invalid extension permission: mozillaAddons
1582291012451	addons.webextension.screenshots@mozilla.org	WARN	Loading extension 'screenshots@mozilla.org': Reading manifest: Invalid extension permission: telemetry
1582291012451	addons.webextension.screenshots@mozilla.org	WARN	Loading extension 'screenshots@mozilla.org': Reading manifest: Invalid extension permission: resource://pdf.js/
1582291012451	addons.webextension.screenshots@mozilla.org	WARN	Loading extension 'screenshots@mozilla.org': Reading manifest: Invalid extension permission: about:reader*
JavaScript error: resource://gre/modules/XULStore.jsm, line 66: Error: Can't find profile directory.
[Parent 584, Gecko_IOThread] WARNING: file z:/task_1581105380/build/src/ipc/chromium/src/base/process_util_win.cc, line 160
1582291029590	Marionette	INFO	Listening on port 51603
1582291030086	Marionette	WARN	TLS certificate errors will be ignored for this session
1582291060035	Marionette	INFO	Stopped listening on port 51603

###!!! [Child][RunMessage] Error: Channel closing: too late to send/recv, messages will be lost


###!!! [Child][MessageChannel::SendAndWait] Error: Channel error: cannot send/recv

1582785676903	mozrunner::runner	INFO	Running command: "C:\\Program Files\\Mozilla Firefox\\firefox.exe" "-marionette" "-foreground" "-no-remote" "-profile" "C:\\Users\\PRASAD~1.KEL\\AppData\\Local\\Temp\\rust_mozprofileHc80GP"
1582785682525	addons.webextension.doh-rollout@mozilla.org	WARN	Loading extension 'doh-rollout@mozilla.org': Reading manifest: Invalid extension permission: networkStatus
1582785683975	addons.webextension.screenshots@mozilla.org	WARN	Loading extension 'screenshots@mozilla.org': Reading manifest: Invalid extension permission: mozillaAddons
1582785683975	addons.webextension.screenshots@mozilla.org	WARN	Loading extension 'screenshots@mozilla.org': Reading manifest: Invalid extension permission: telemetry
1582785683976	addons.webextension.screenshots@mozilla.org	WARN	Loading extension 'screenshots@mozilla.org': Reading manifest: Invalid extension permission: resource://pdf.js/
1582785683976	addons.webextension.screenshots@mozilla.org	WARN	Loading extension 'screenshots@mozilla.org': Reading manifest: Invalid extension permission: about:reader*
JavaScript error: resource://gre/modules/XULStore.jsm, line 66: Error: Can't find profile directory.
[Parent 2224, Gecko_IOThread] WARNING: file z:/task_1581105380/build/src/ipc/chromium/src/base/process_util_win.cc, line 160
1582785701976	Marionette	INFO	Listening on port 53352
1582785702444	Marionette	WARN	TLS certificate errors will be ignored for this session
1582785726591	Marionette	INFO	Stopped listening on port 53352

###!!! [Child][RunMessage] Error: Channel closing: too late to send/recv, messages will be lost


###!!! [Child][MessageChannel::SendAndWait] Error: Channel error: cannot send/recv

1582786719696	mozrunner::runner	INFO	Running command: "C:\\Program Files\\Mozilla Firefox\\firefox.exe" "-marionette" "-foreground" "-no-remote" "-profile" "C:\\Users\\PRASAD~1.KEL\\AppData\\Local\\Temp\\rust_mozprofileo156e7"
1582786720791	addons.webextension.doh-rollout@mozilla.org	WARN	Loading extension 'doh-rollout@mozilla.org': Reading manifest: Invalid extension permission: networkStatus
1582786722022	addons.webextension.screenshots@mozilla.org	WARN	Loading extension 'screenshots@mozilla.org': Reading manifest: Invalid extension permission: mozillaAddons
1582786722022	addons.webextension.screenshots@mozilla.org	WARN	Loading extension 'screenshots@mozilla.org': Reading manifest: Invalid extension permission: telemetry
1582786722022	addons.webextension.screenshots@mozilla.org	WARN	Loading extension 'screenshots@mozilla.org': Reading manifest: Invalid extension permission: resource://pdf.js/
1582786722022	addons.webextension.screenshots@mozilla.org	WARN	Loading extension 'screenshots@mozilla.org': Reading manifest: Invalid extension permission: about:reader*
JavaScript error: resource://gre/modules/XULStore.jsm, line 66: Error: Can't find profile directory.
1582786726108	Marionette	INFO	Listening on port 53800
1582786726571	Marionette	WARN	TLS certificate errors will be ignored for this session
1582786753055	Marionette	INFO	Stopped listening on port 53800

###!!! [Child][RunMessage] Error: Channel closing: too late to send/recv, messages will be lost


###!!! [Child][MessageChannel::SendAndWait] Error: Channel error: cannot send/recv

1582792311537	mozrunner::runner	INFO	Running command: "C:\\Program Files\\Mozilla Firefox\\firefox.exe" "-marionette" "-foreground" "-no-remote" "-profile" "C:\\Users\\PRASAD~1.KEL\\AppData\\Local\\Temp\\rust_mozprofileOVFd4y"
1582792312387	addons.webextension.doh-rollout@mozilla.org	WARN	Loading extension 'doh-rollout@mozilla.org': Reading manifest: Invalid extension permission: networkStatus
1582792313450	addons.webextension.screenshots@mozilla.org	WARN	Loading extension 'screenshots@mozilla.org': Reading manifest: Invalid extension permission: mozillaAddons
1582792313450	addons.webextension.screenshots@mozilla.org	WARN	Loading extension 'screenshots@mozilla.org': Reading manifest: Invalid extension permission: telemetry
1582792313450	addons.webextension.screenshots@mozilla.org	WARN	Loading extension 'screenshots@mozilla.org': Reading manifest: Invalid extension permission: resource://pdf.js/
1582792313450	addons.webextension.screenshots@mozilla.org	WARN	Loading extension 'screenshots@mozilla.org': Reading manifest: Invalid extension permission: about:reader*
JavaScript error: resource://gre/modules/XULStore.jsm, line 66: Error: Can't find profile directory.
1582792316591	Marionette	INFO	Listening on port 49220
1582792316781	Marionette	WARN	TLS certificate errors will be ignored for this session
1582792340497	Marionette	INFO	Stopped listening on port 49220

###!!! [Child][RunMessage] Error: Channel closing: too late to send/recv, messages will be lost


###!!! [Child][MessageChannel::SendAndWait] Error: Channel error: cannot send/recv

